<?xml version="1.0" encoding="UTF-8"?>
<!-- Generated by org.testng.reporters.JUnitReportReporter -->
<testsuite hostname="LAPTOP-40VE5V91" failures="0" tests="2" name="com.qa.test.GetAPITest" time="75.533" errors="0" timestamp="2021-07-31T16:59:47 IST" skipped="0">
  <testcase classname="com.qa.test.GetAPITest" name="getWithHeaderTest" time="72.559"/>
  <system-out/>
  <testcase classname="com.qa.test.GetAPITest" name="getWithoutHeaderTest" time="2.974"/>
  <system-out/>
</testsuite> <!-- com.qa.test.GetAPITest -->
